<?xml version="1.0" encoding="UTF-8"?>
<testng-results skipped="0" failed="0" ignored="0" total="2" passed="2">
  <reporter-output>
  </reporter-output>
  <suite name="Suite" duration-ms="66" started-at="2017-07-16T16:49:12Z" finished-at="2017-07-16T16:49:12Z">
    <groups>
    </groups>
    <test name="Test" duration-ms="66" started-at="2017-07-16T16:49:12Z" finished-at="2017-07-16T16:49:12Z">
      <class name="com.testing.sampletestng.TestNgSampleTest">
        <test-method status="PASS" signature="beforeSuite()[pri:0, instance:com.testing.sampletestng.TestNgSampleTest@50c87b21]" name="beforeSuite" is-config="true" duration-ms="14" started-at="2017-07-16T22:19:12Z" finished-at="2017-07-16T22:19:12Z">
          <reporter-output>
          </reporter-output>
        </test-method> <!-- beforeSuite -->
        <test-method status="PASS" signature="beforeTest()[pri:0, instance:com.testing.sampletestng.TestNgSampleTest@50c87b21]" name="beforeTest" is-config="true" duration-ms="1" started-at="2017-07-16T22:19:12Z" finished-at="2017-07-16T22:19:12Z">
          <reporter-output>
          </reporter-output>
        </test-method> <!-- beforeTest -->
        <test-method status="PASS" signature="beforeClass()[pri:0, instance:com.testing.sampletestng.TestNgSampleTest@50c87b21]" name="beforeClass" is-config="true" duration-ms="1" started-at="2017-07-16T22:19:12Z" finished-at="2017-07-16T22:19:12Z">
          <reporter-output>
          </reporter-output>
        </test-method> <!-- beforeClass -->
        <test-method status="PASS" signature="beforeMethod()[pri:0, instance:com.testing.sampletestng.TestNgSampleTest@50c87b21]" name="beforeMethod" is-config="true" duration-ms="0" started-at="2017-07-16T22:19:12Z" finished-at="2017-07-16T22:19:12Z">
          <reporter-output>
          </reporter-output>
        </test-method> <!-- beforeMethod -->
        <test-method status="PASS" signature="f(java.lang.Integer, java.lang.String)[pri:0, instance:com.testing.sampletestng.TestNgSampleTest@50c87b21]" name="f" duration-ms="13" started-at="2017-07-16T22:19:12Z" data-provider="dp" finished-at="2017-07-16T22:19:12Z">
          <params>
            <param index="0">
              <value>
                <![CDATA[1]]>
              </value>
            </param>
            <param index="1">
              <value>
                <![CDATA[a]]>
              </value>
            </param>
          </params>
          <reporter-output>
          </reporter-output>
        </test-method> <!-- f -->
        <test-method status="PASS" signature="afterMethod()[pri:0, instance:com.testing.sampletestng.TestNgSampleTest@50c87b21]" name="afterMethod" is-config="true" duration-ms="0" started-at="2017-07-16T22:19:12Z" finished-at="2017-07-16T22:19:12Z">
          <reporter-output>
          </reporter-output>
        </test-method> <!-- afterMethod -->
        <test-method status="PASS" signature="beforeMethod()[pri:0, instance:com.testing.sampletestng.TestNgSampleTest@50c87b21]" name="beforeMethod" is-config="true" duration-ms="1" started-at="2017-07-16T22:19:12Z" finished-at="2017-07-16T22:19:12Z">
          <reporter-output>
          </reporter-output>
        </test-method> <!-- beforeMethod -->
        <test-method status="PASS" signature="f(java.lang.Integer, java.lang.String)[pri:0, instance:com.testing.sampletestng.TestNgSampleTest@50c87b21]" name="f" duration-ms="2" started-at="2017-07-16T22:19:12Z" data-provider="dp" finished-at="2017-07-16T22:19:12Z">
          <params>
            <param index="0">
              <value>
                <![CDATA[2]]>
              </value>
            </param>
            <param index="1">
              <value>
                <![CDATA[b]]>
              </value>
            </param>
          </params>
          <reporter-output>
          </reporter-output>
        </test-method> <!-- f -->
        <test-method status="PASS" signature="afterMethod()[pri:0, instance:com.testing.sampletestng.TestNgSampleTest@50c87b21]" name="afterMethod" is-config="true" duration-ms="0" started-at="2017-07-16T22:19:12Z" finished-at="2017-07-16T22:19:12Z">
          <reporter-output>
          </reporter-output>
        </test-method> <!-- afterMethod -->
        <test-method status="PASS" signature="afterClass()[pri:0, instance:com.testing.sampletestng.TestNgSampleTest@50c87b21]" name="afterClass" is-config="true" duration-ms="0" started-at="2017-07-16T22:19:12Z" finished-at="2017-07-16T22:19:12Z">
          <reporter-output>
          </reporter-output>
        </test-method> <!-- afterClass -->
        <test-method status="PASS" signature="afterTest()[pri:0, instance:com.testing.sampletestng.TestNgSampleTest@50c87b21]" name="afterTest" is-config="true" duration-ms="1" started-at="2017-07-16T22:19:12Z" finished-at="2017-07-16T22:19:12Z">
          <reporter-output>
          </reporter-output>
        </test-method> <!-- afterTest -->
        <test-method status="PASS" signature="afterSuite()[pri:0, instance:com.testing.sampletestng.TestNgSampleTest@50c87b21]" name="afterSuite" is-config="true" duration-ms="1" started-at="2017-07-16T22:19:12Z" finished-at="2017-07-16T22:19:12Z">
          <reporter-output>
          </reporter-output>
        </test-method> <!-- afterSuite -->
      </class> <!-- com.testing.sampletestng.TestNgSampleTest -->
    </test> <!-- Test -->
  </suite> <!-- Suite -->
</testng-results>
